#
# There is insufficient memory for the Java Runtime Environment to continue.
# Native memory allocation (mmap) failed to map 268435456 bytes for G1 virtual space
# Possible reasons:
#   The system is out of physical RAM or swap space
#   The process is running with CompressedOops enabled, and the Java Heap may be blocking the growth of the native heap
# Possible solutions:
#   Reduce memory load on the system
#   Increase physical memory or swap space
#   Check if swap backing store is full
#   Decrease Java heap size (-Xmx/-Xms)
#   Decrease number of Java threads
#   Decrease Java thread stack sizes (-Xss)
#   Set larger code cache with -XX:ReservedCodeCacheSize=
#   JVM is running with Zero Based Compressed Oops mode in which the Java heap is
#     placed in the first 32GB address space. The Java Heap base address is the
#     maximum limit for the native heap growth. Please use -XX:HeapBaseMinAddress
#     to set the Java Heap base and to place the Java Heap above 32GB virtual address.
# This output file may be truncated or incomplete.
#
#  Out of Memory Error (os_windows.cpp:3550), pid=10432, tid=20524
#
# JRE version:  (17.0.8+9) (build )
# Java VM: Java HotSpot(TM) 64-Bit Server VM (17.0.8+9-LTS-211, mixed mode, sharing, tiered, compressed oops, compressed class ptrs, g1 gc, windows-amd64)
# No core dump will be written. Minidumps are not enabled by default on client versions of Windows
#

---------------  S U M M A R Y ------------

Command Line: -javaagent:D:\software\program\idea\IntelliJ IDEA 2022.1.2\lib\idea_rt.jar=59775:D:\software\program\idea\IntelliJ IDEA 2022.1.2\bin -Dfile.encoding=UTF-8 zxy.StackAndQueue05.Main

Host: Intel(R) Core(TM) i7-8750H CPU @ 2.20GHz, 12 cores, 15G,  Windows 10 , 64 bit Build 19041 (10.0.19041.3570)
Time: Tue Nov 14 21:14:18 2023  Windows 10 , 64 bit Build 19041 (10.0.19041.3570) elapsed time: 0.090677 seconds (0d 0h 0m 0s)

---------------  T H R E A D  ---------------

Current thread (0x000001863f6c07e0):  JavaThread "Unknown thread" [_thread_in_vm, id=20524, stack(0x00000045fd400000,0x00000045fd500000)]

Stack: [0x00000045fd400000,0x00000045fd500000]
Native frames: (J=compiled Java code, j=interpreted, Vv=VM code, C=native code)
V  [jvm.dll+0x677d0a]
V  [jvm.dll+0x7d8c54]
V  [jvm.dll+0x7da3fe]
V  [jvm.dll+0x7daa63]
V  [jvm.dll+0x245c5f]
V  [jvm.dll+0x674bb9]
V  [jvm.dll+0x6694f2]
V  [jvm.dll+0x3031d6]
V  [jvm.dll+0x30a756]
V  [jvm.dll+0x359f9e]
V  [jvm.dll+0x35a1cf]
V  [jvm.dll+0x2da3e8]
V  [jvm.dll+0x2db354]
V  [jvm.dll+0x7aa711]
V  [jvm.dll+0x367b51]
V  [jvm.dll+0x789979]
V  [jvm.dll+0x3eb05f]
V  [jvm.dll+0x3ecae1]
C  [jli.dll+0x5297]
C  [ucrtbase.dll+0x21bb2]
C  [KERNEL32.DLL+0x17344]
C  [ntdll.dll+0x526b1]


---------------  P R O C E S S  ---------------

Threads class SMR info:
_java_thread_list=0x00007ffa609959d8, length=0, elements={
}

Java Threads: ( => current thread )

Other Threads:
  0x000001863f72ca00 GCTaskThread "GC Thread#0" [stack: 0x00000045fd500000,0x00000045fd600000] [id=15244]
  0x000001863f73d660 ConcurrentGCThread "G1 Main Marker" [stack: 0x00000045fd600000,0x00000045fd700000] [id=17932]
  0x000001863f73df80 ConcurrentGCThread "G1 Conc#0" [stack: 0x00000045fd700000,0x00000045fd800000] [id=1356]

[error occurred during error reporting (printing all threads), id 0xc0000005, EXCEPTION_ACCESS_VIOLATION (0xc0000005) at pc=0x00007ffa601cb047]

VM state: not at safepoint (not fully initialized)

VM Mutex/Monitor currently owned by a thread:  ([mutex/lock_event])
[0x000001863f6bc180] Heap_lock - owner thread: 0x000001863f6c07e0

Heap address: 0x0000000701e00000, size: 4066 MB, Compressed Oops mode: Zero based, Oop shift amount: 3

CDS archive(s) mapped at: [0x0000000000000000-0x0000000000000000-0x0000000000000000), size 0, SharedBaseAddress: 0x0000000800000000, ArchiveRelocationMode: 1.
Narrow klass base: 0x0000000000000000, Narrow klass shift: 0, Narrow klass range: 0x0

GC Precious Log:
<Empty>

Heap:
 garbage-first heap   total 0K, used 0K [0x0000000701e00000, 0x0000000800000000)
  region size 2048K, 0 young (0K), 0 survivors (0K)

[error occurred during error reporting (printing heap information), id 0xc0000005, EXCEPTION_ACCESS_VIOLATION (0xc0000005) at pc=0x00007ffa605b1499]

GC Heap History (0 events):
No events

Deoptimization events (0 events):
No events

Classes unloaded (0 events):
No events

Classes redefined (0 events):
No events

Internal exceptions (0 events):
No events

VM Operations (0 events):
No events

Events (1 events):
Event: 0.062 Loaded shared library D:\develop\jdk-17\bin\java.dll


Dynamic libraries:
0x00007ff601c30000 - 0x00007ff601c40000 	D:\develop\jdk-17\bin\java.exe
0x00007ffab8150000 - 0x00007ffab8347000 	C:\windows\SYSTEM32\ntdll.dll
0x00007ffab6290000 - 0x00007ffab634d000 	C:\windows\System32\KERNEL32.DLL
0x00007ffab5830000 - 0x00007ffab5b26000 	C:\windows\System32\KERNELBASE.dll
0x00007ffab6080000 - 0x00007ffab6180000 	C:\windows\System32\ucrtbase.dll
0x00007ffaae920000 - 0x00007ffaae93b000 	D:\develop\jdk-17\bin\VCRUNTIME140.dll
0x00007ffaae9f0000 - 0x00007ffaaea09000 	D:\develop\jdk-17\bin\jli.dll
0x00007ffab63b0000 - 0x00007ffab645e000 	C:\windows\System32\ADVAPI32.dll
0x00007ffab61f0000 - 0x00007ffab628e000 	C:\windows\System32\msvcrt.dll
0x00007ffab6460000 - 0x00007ffab64fc000 	C:\windows\System32\sechost.dll
0x00007ffab7300000 - 0x00007ffab7426000 	C:\windows\System32\RPCRT4.dll
0x00007ffab7030000 - 0x00007ffab71ce000 	C:\windows\System32\USER32.dll
0x00007ffab6180000 - 0x00007ffab61a2000 	C:\windows\System32\win32u.dll
0x00007ffa9d2c0000 - 0x00007ffa9d55a000 	C:\windows\WinSxS\amd64_microsoft.windows.common-controls_6595b64144ccf1df_6.0.19041.3570_none_60bb2a3971f3e41a\COMCTL32.dll
0x00007ffab6f50000 - 0x00007ffab6f7c000 	C:\windows\System32\GDI32.dll
0x00007ffab5b30000 - 0x00007ffab5c4a000 	C:\windows\System32\gdi32full.dll
0x00007ffab5d90000 - 0x00007ffab5e2d000 	C:\windows\System32\msvcp_win.dll
0x00007ffaad3a0000 - 0x00007ffaad3aa000 	C:\windows\SYSTEM32\VERSION.dll
0x00007ffab61c0000 - 0x00007ffab61f0000 	C:\windows\System32\IMM32.DLL
0x00007ffaa2ff0000 - 0x00007ffaa2ffc000 	D:\develop\jdk-17\bin\vcruntime140_1.dll
0x00007ffaa1440000 - 0x00007ffaa14ce000 	D:\develop\jdk-17\bin\msvcp140.dll
0x00007ffa5fee0000 - 0x00007ffa60abe000 	D:\develop\jdk-17\bin\server\jvm.dll
0x00007ffab78e0000 - 0x00007ffab78e8000 	C:\windows\System32\PSAPI.DLL
0x00007ffab2d60000 - 0x00007ffab2d69000 	C:\windows\SYSTEM32\WSOCK32.dll
0x00007ffa9c7a0000 - 0x00007ffa9c7c7000 	C:\windows\SYSTEM32\WINMM.dll
0x00007ffab78f0000 - 0x00007ffab795b000 	C:\windows\System32\WS2_32.dll
0x00007ffab4060000 - 0x00007ffab4072000 	C:\windows\SYSTEM32\kernel.appcore.dll
0x00007ffaa2e80000 - 0x00007ffaa2e8a000 	D:\develop\jdk-17\bin\jimage.dll
0x00007ffab35d0000 - 0x00007ffab37b4000 	C:\windows\SYSTEM32\DBGHELP.DLL
0x00007ffa9a350000 - 0x00007ffa9a384000 	C:\windows\SYSTEM32\dbgcore.DLL
0x00007ffab5d00000 - 0x00007ffab5d82000 	C:\windows\System32\bcryptPrimitives.dll
0x00007ffaa0100000 - 0x00007ffaa010e000 	D:\develop\jdk-17\bin\instrument.dll
0x00007ffaa2e50000 - 0x00007ffaa2e75000 	D:\develop\jdk-17\bin\java.dll

dbghelp: loaded successfully - version: 4.0.5 - missing functions: none
symbol engine: initialized successfully - sym options: 0x614 - pdb path: .;D:\develop\jdk-17\bin;C:\windows\SYSTEM32;C:\windows\WinSxS\amd64_microsoft.windows.common-controls_6595b64144ccf1df_6.0.19041.3570_none_60bb2a3971f3e41a;D:\develop\jdk-17\bin\server

VM Arguments:
jvm_args: -javaagent:D:\software\program\idea\IntelliJ IDEA 2022.1.2\lib\idea_rt.jar=59775:D:\software\program\idea\IntelliJ IDEA 2022.1.2\bin -Dfile.encoding=UTF-8 
java_command: zxy.StackAndQueue05.Main
java_class_path (initial): D:\javacode\LeetCode\out\production\LeetCode
Launcher Type: SUN_STANDARD

[Global flags]
     intx CICompilerCount                          = 4                                         {product} {ergonomic}
     uint ConcGCThreads                            = 3                                         {product} {ergonomic}
     uint G1ConcRefinementThreads                  = 10                                        {product} {ergonomic}
   size_t G1HeapRegionSize                         = 2097152                                   {product} {ergonomic}
    uintx GCDrainStackTargetSize                   = 64                                        {product} {ergonomic}
   size_t InitialHeapSize                          = 268435456                                 {product} {ergonomic}
   size_t MarkStackSize                            = 4194304                                   {product} {ergonomic}
   size_t MaxHeapSize                              = 4263510016                                {product} {ergonomic}
   size_t MinHeapDeltaBytes                        = 2097152                                   {product} {ergonomic}
   size_t MinHeapSize                              = 8388608                                   {product} {ergonomic}
    uintx NonNMethodCodeHeapSize                   = 5839372                                {pd product} {ergonomic}
    uintx NonProfiledCodeHeapSize                  = 122909434                              {pd product} {ergonomic}
    uintx ProfiledCodeHeapSize                     = 122909434                              {pd product} {ergonomic}
    uintx ReservedCodeCacheSize                    = 251658240                              {pd product} {ergonomic}
     bool SegmentedCodeCache                       = true                                      {product} {ergonomic}
   size_t SoftMaxHeapSize                          = 4263510016                             {manageable} {ergonomic}
     bool UseCompressedClassPointers               = true                           {product lp64_product} {ergonomic}
     bool UseCompressedOops                        = true                           {product lp64_product} {ergonomic}
     bool UseG1GC                                  = true                                      {product} {ergonomic}
     bool UseLargePagesIndividualAllocation        = false                                  {pd product} {ergonomic}

Logging:
Log output configuration:
 #0: stdout all=warning uptime,level,tags
 #1: stderr all=off uptime,level,tags

Environment Variables:
JAVA_HOME=D:\develop\jdk-17
PATH=D:\environment\apache-maven-3.6.3\bin;D:\develop\jdk-17\bin;C:\Program Files\Common Files\Oracle\Java\javapath;D:\environment\CUDA_manager\10.1\CUDA1\bin;D:\environment\CUDA_manager\10.1\CUDA1\libnvvp;C:\windows\system32;C:\windows;C:\windows\System32\Wbem;C:\windows\System32\WindowsPowerShell\v1.0\;C:\windows\System32\OpenSSH\;D:\software\program\TortoiseGit\bin;D:\software\program\git\Git\bin;D:\software\program\git\Git\cmd;D:\environment\Node.js\;D:\environment\Node.js\node_global;C:\Program Files\NVIDIA Corporation\Nsight Compute 2019.1\;C:\Program Files (x86)\NVIDIA Corporation\PhysX\Common;C:\Program Files\NVIDIA Corporation\NVIDIA NvDLISR;C:\Program Files\Microsoft SQL Server\Client SDK\ODBC\170\Tools\Binn\;C:\Program Files (x86)\Microsoft SQL Server\160\DTS\Binn\;C:\Program Files\Azure Data Studio\bin;C:\Program Files\Microsoft SQL Server\150\Tools\Binn\;C:\Program Files\Microsoft SQL Server\130\Tools\Binn\;C:\Program Files (x86)\Microsoft SQL Server\110\DTS\Binn\;C:\Program Files (x86)\Microsoft SQL Server\120\DTS\Binn\;C:\Program Files (x86)\Microsoft SQL Server\130\DTS\Binn\;C:\Program Files (x86)\Microsoft SQL Server\140\DTS\Binn\;C:\Program Files (x86)\Microsoft SQL Server\150\DTS\Binn\;C:\Program Files (x86)\Microsoft SQL Server\150\Tools\Binn\;C:\Program Files\Microsoft SQL Server\150\DTS\Binn\;D:\environment\Python3.7\Scripts\;D:\environment\Python3.7\;C:\Users\Administrator.DESKTOP-MV49J8K\AppData\Local\Microsoft\WindowsApps;D:\environment\Anaconda\Scripts\;D:\environment\Anaconda;D:\software\program\VScode\Microsoft VS Code\bin;D:\software\program\git\Git\bin;C:\Users\Administrator.DESKTOP-MV49J8K\AppData\Roaming\npm;C:\Program Files\Azure Data Studio\bin;D:\software\program\idea\IntelliJ IDEA 2022.1.2\bin;
USERNAME=Administrator
OS=Windows_NT
PROCESSOR_IDENTIFIER=Intel64 Family 6 Model 158 Stepping 10, GenuineIntel



---------------  S Y S T E M  ---------------

OS:
 Windows 10 , 64 bit Build 19041 (10.0.19041.3570)
OS uptime: 20 days 3:43 hours

CPU: total 12 (initial active 12) (6 cores per cpu, 2 threads per core) family 6 model 158 stepping 10 microcode 0xb4, cx8, cmov, fxsr, ht, mmx, 3dnowpref, sse, sse2, sse3, ssse3, sse4.1, sse4.2, popcnt, lzcnt, tsc, tscinvbit, avx, avx2, aes, erms, clmul, bmi1, bmi2, adx, fma, vzeroupper, clflush, clflushopt

Memory: 4k page, system-wide physical 16257M (2253M free)
TotalPageFile size 31434M (AvailPageFile size 174M)
current process WorkingSet (physical memory assigned to process): 10M, peak: 10M
current process commit charge ("private bytes"): 64M, peak: 320M

vm_info: Java HotSpot(TM) 64-Bit Server VM (17.0.8+9-LTS-211) for windows-amd64 JRE (17.0.8+9-LTS-211), built on Jun 14 2023 10:34:31 by "mach5one" with MS VC++ 17.1 (VS2022)

END.
